<?xml version="1.0" encoding="UTF-8"?>
<testng-results skipped="0" failed="0" total="1" passed="1">
  <reporter-output>
    <line>
      <![CDATA[Started webdriver for "firefox" successfully]]>
    </line>
    <line>
      <![CDATA[Closed webdriver]]>
    </line>
  </reporter-output>
  <suite name="Suite" duration-ms="15499" started-at="2014-11-20T20:27:15Z" finished-at="2014-11-20T20:27:30Z">
    <groups>
    </groups>
    <test name="FireFoxTest" duration-ms="15499" started-at="2014-11-20T20:27:15Z" finished-at="2014-11-20T20:27:30Z">
      <class name="com.main.NewTest">
        <test-method status="PASS" signature="beforeClass(java.lang.String)[pri:0, instance:com.main.NewTest@d1a34a]" name="beforeClass" is-config="true" duration-ms="13016" started-at="2014-11-21T01:57:15Z" finished-at="2014-11-21T01:57:28Z">
          <params>
            <param index="0">
              <value>
                <![CDATA[firefox]]>
              </value>
            </param>
          </params>
          <reporter-output>
            <line>
              <![CDATA[Started webdriver for "firefox" successfully]]>
            </line>
          </reporter-output>
        </test-method> <!-- beforeClass -->
        <test-method status="PASS" signature="homepage()[pri:0, instance:com.main.NewTest@d1a34a]" name="homepage" duration-ms="2231" started-at="2014-11-21T01:57:28Z" finished-at="2014-11-21T01:57:30Z">
          <reporter-output>
          </reporter-output>
        </test-method> <!-- homepage -->
        <test-method status="PASS" signature="afterClass()[pri:0, instance:com.main.NewTest@d1a34a]" name="afterClass" is-config="true" duration-ms="242" started-at="2014-11-21T01:57:30Z" finished-at="2014-11-21T01:57:30Z">
          <reporter-output>
            <line>
              <![CDATA[Closed webdriver]]>
            </line>
          </reporter-output>
        </test-method> <!-- afterClass -->
      </class> <!-- com.main.NewTest -->
    </test> <!-- FireFoxTest -->
  </suite> <!-- Suite -->
</testng-results>
