<?xml version="1.0" encoding="UTF-8"?>
<!-- Generated by org.testng.reporters.JUnitXMLReporter -->
<testsuite hostname="INDV004282" name="IETest" tests="1" failures="1" timestamp="20 Aug 2015 11:11:50 GMT" time="11.254" errors="0">
  <testcase name="homepage" time="2.754" classname="com.main.NewTest">
    <failure type="java.lang.NullPointerException">
      <![CDATA[java.lang.NullPointerException
	at com.Pages.Login_OPS_PI_Page.<init>(Login_OPS_PI_Page.java:41)
	at com.main.NewTest.homepage(NewTest.java:42)
... Removed 24 stack frames]]>
    </failure>
  </testcase> <!-- homepage -->
</testsuite> <!-- IETest -->
